Step: build-step-credential-initializer-5rc8p:

{"level":"warn","ts":1554197729.7552042,"logger":"fallback-logger","caller":"logging/config.go:65","msg":"Fetch GitHub commit ID from kodata failed: \"ref: refs/heads/backport-container-name-fix\" is not a valid GitHub commit ID"}
{"level":"info","ts":1554197729.7561429,"logger":"fallback-logger","caller":"creds-init/main.go:40","msg":"Credentials initialized."}
Step: build-step-git-source-jstrachan-helloworld-knative-ma-6tcq4:

{"level":"warn","ts":1554197730.4798453,"logger":"fallback-logger","caller":"logging/config.go:65","msg":"Fetch GitHub commit ID from kodata failed: \"ref: refs/heads/backport-container-name-fix\" is not a valid GitHub commit ID"}
{"level":"info","ts":1554197731.5742075,"logger":"fallback-logger","caller":"git-init/main.go:99","msg":"Successfully cloned \"https://github.com/jstrachan/helloworld-knative\" @ \"v0.1.19\" in path \"/workspace/source\""}
Step: build-step-place-tools:

Step: build-step-setup-**-git-credentials:

Generated Git credentials file /workspace/xdg_config/git/credentials
Step: build-step-build-make-build:

echo building with make
building with make
Step: build-step-build-container-build:

[36mINFO[0m[0000] Downloading base image golang                
ERROR: logging before flag.Parse: E0402 09:35:36.743153       9 metadata.go:159] while reading 'google-dockercfg-url' metadata: http status code: 404 while fetching url http://metadata.google.internal./computeMetadata/v1/instance/attributes/google-dockercfg-url
ERROR: logging before flag.Parse: E0402 09:35:36.781938       9 metadata.go:142] while reading 'google-dockercfg' metadata: http status code: 404 while fetching url http://metadata.google.internal./computeMetadata/v1/instance/attributes/google-dockercfg
2019/04/02 09:35:36 No matching credentials were found, falling back on anonymous
[36mINFO[0m[0001] Error while retrieving image from cache: getting file info: stat /workspace/sha256:56548eadfbce43d2e01a342351ec8743d12d61a5e03c7639ad04ed1f5882ba0e: no such file or directory 
[36mINFO[0m[0001] Downloading base image golang                
2019/04/02 09:35:37 No matching credentials were found, falling back on anonymous
[36mINFO[0m[0002] Using files from context: [/workspace/source] 
[36mINFO[0m[0002] Checking for cached layer gcr.io/746c1564dad014e9fa214da2249d66d45eae17157a5b5ca7142479972332bc92... 
[36mINFO[0m[0002] No cached layer found for cmd RUN CGO_ENABLED=0 GOOS=linux go build -v -o helloworld 
[36mINFO[0m[0002] Unpacking rootfs as cmd RUN CGO_ENABLED=0 GOOS=linux go build -v -o helloworld requires it. 
[36mINFO[0m[0020] Taking snapshot of full filesystem...        
[36mINFO[0m[0028] WORKDIR /go/src/github.com/knative/docs/helloworld 
[36mINFO[0m[0028] cmd: workdir                                 
[36mINFO[0m[0028] Changed working directory to /go/src/github.com/knative/docs/helloworld 
[36mINFO[0m[0028] Creating directory /go/src/github.com/knative/docs/helloworld 
[36mINFO[0m[0028] Taking snapshot of files...                  
[36mINFO[0m[0028] Using files from context: [/workspace/source] 
[36mINFO[0m[0028] COPY . .                                     
[36mINFO[0m[0028] Taking snapshot of files...                  
[36mINFO[0m[0028] RUN CGO_ENABLED=0 GOOS=linux go build -v -o helloworld 
[36mINFO[0m[0028] cmd: /bin/sh                                 
[36mINFO[0m[0028] args: [-c CGO_ENABLED=0 GOOS=linux go build -v -o helloworld] 
net
net/textproto
crypto/x509
internal/x/net/http/httpguts
internal/x/net/http/httpproxy
crypto/tls
net/http/httptrace
net/http
github.com/knative/docs/helloworld
[36mINFO[0m[0034] Taking snapshot of full filesystem...        
[36mINFO[0m[0039] Pushing layer gcr.io/746c1564dad014e9fa214da2249d66d45eae17157a5b5ca7142479972332bc92 to cache now 
[33mWARN[0m[0040] error uploading layer to cache: failed to push to destination gcr.io/746c1564dad014e9fa214da2249d66d45eae17157a5b5ca7142479972332bc92:latest: no token in bearer response:
{"errors":[{"code":"UNKNOWN","message":"Invalid repository name: gcr.io/746c1564dad014e9fa214da2249d66d45eae17157a5b5ca7142479972332bc92"}]} 
[36mINFO[0m[0040] Storing source image from stage 0 at path /kaniko/stages/0 
[36mINFO[0m[0062] Deleting filesystem...                       
[36mINFO[0m[0064] Downloading base image alpine                
ERROR: logging before flag.Parse: E0402 09:36:40.923116       9 metadata.go:159] while reading 'google-dockercfg-url' metadata: http status code: 404 while fetching url http://metadata.google.internal./computeMetadata/v1/instance/attributes/google-dockercfg-url
ERROR: logging before flag.Parse: E0402 09:36:40.931070       9 metadata.go:142] while reading 'google-dockercfg' metadata: http status code: 404 while fetching url http://metadata.google.internal./computeMetadata/v1/instance/attributes/google-dockercfg
2019/04/02 09:36:40 No matching credentials were found, falling back on anonymous
[36mINFO[0m[0064] Error while retrieving image from cache: getting file info: stat /workspace/sha256:d05ecd4520cab5d9e5d877595fb0532aadcd6c90f4bbc837bc11679f704c4c82: no such file or directory 
[36mINFO[0m[0064] Downloading base image alpine                
2019/04/02 09:36:41 No matching credentials were found, falling back on anonymous
[36mINFO[0m[0065] Skipping unpacking as no commands require it. 
[36mINFO[0m[0065] Taking snapshot of full filesystem...        
[36mINFO[0m[0070] COPY --from=builder /go/src/github.com/knative/docs/helloworld/helloworld /helloworld 
[36mINFO[0m[0070] Taking snapshot of files...                  
[36mINFO[0m[0070] ENV PORT 8080                                
[36mINFO[0m[0070] No files changed in this command, skipping snapshotting. 
[36mINFO[0m[0070] CMD ["/helloworld"]                          
[36mINFO[0m[0070] No files changed in this command, skipping snapshotting. 
2019/04/02 09:36:48 existing blob: sha256:8e402f1a9c577ded051c1ef10e9fe4492890459522089959988a4852dee8ab2c
2019/04/02 09:36:51 pushed blob sha256:d1893fad6100660f24d967993a6b1d3b2cf51553bd914cdd6bdf784108cfadce
2019/04/02 09:36:51 pushed blob sha256:3b636ee5550f67521f2d6c532780242bc05019447e14472a163e9f27187dfd2c
2019/04/02 09:36:53 gcr.io/jenkinsx-dev/helloworld-knative:0.1.19: digest: sha256:7cb687f8a95795d448eab705c0c7df0bf2040fd1be99f3949f19fa0c17bf1e9a size: 592
Step: build-step-build-post-build:

no CVE provider running in the current ** namespace so skip adding image to be analysed
Step: build-step-promote-changelog:

Converted /workspace/source/charts/helloworld-knative to an unshallow repository
Generating change log from git ref v0.1.18 => fbec428445992410bda7d01a9876554b9fcc040d
failed to find git commits between revision v0.1.18 and fbec428445992410bda7d01a9876554b9fcc040d due to: object not found
No release found for jstrachan/helloworld-knative and tag v0.1.19 so creating a new release
Updated the release information at https://github.com/jstrachan/helloworld-knative/releases/tag/v0.1.19
generated: /workspace/source/charts/helloworld-knative/templates/release.yaml
Created Release helloworld-knative-0-1-19 resource in namespace **
Updating PipelineActivity jstrachan-helloworld-knative-master-10 with version 0.1.19
Updated PipelineActivities jstrachan-helloworld-knative-master-10 with release notes URL: https://github.com/jstrachan/helloworld-knative/releases/tag/v0.1.19
Step: build-step-promote-helm-release:

No $CHART_REPOSITORY defined so using the default value of: http://jenkins-x-chartmuseum:8080
Adding missing Helm repo: jenkins-x http://chartmuseum.jenkins-x.io
Successfully added Helm repository jenkins-x.
Adding missing Helm repo: releases http://jenkins-x-chartmuseum:8080
Successfully added Helm repository releases.
No $CHART_REPOSITORY defined so using the default value of: http://jenkins-x-chartmuseum:8080
Uploading chart file helloworld-knative-0.1.19.tgz to http://jenkins-x-chartmuseum:8080/api/charts
Received 201 response: {"saved":true}
Step: build-step-promote-**-promote:

prow based install so skip waiting for the merge of Pull Requests to go green as currently there is an issue with gettingstatuses from the PR, see https://github.com/jenkins-x/**/issues/2410
Promoting app helloworld-knative version 0.1.19 to namespace **-staging
Created Pull Request: https://github.com/******************/environment-jstrachan-t1-staging/pull/6

Pull Request https://github.com/******************/environment-jstrachan-t1-staging/pull/6 is merged at sha 740b6f22a40ccb8c37fb7f1fdf0059bb5c97376d
Pull Request merged but we are not waiting for the update pipeline to complete!
Could not find the service URL in namespace **-staging for names helloworld-knative, **-helloworld-knative, **-staging-helloworld-knative
Step: build-step-source-mkdir-jstrachan-helloworld-knative-ma-5ln9x:

{"level":"warn","ts":1554197905.464134,"logger":"fallback-logger","caller":"logging/config.go:65","msg":"Fetch GitHub commit ID from kodata failed: open /var/run/ko/HEAD: no such file or directory"}
{"level":"info","ts":1554197905.5002573,"logger":"fallback-logger","caller":"bash/main.go:65","msg":"Successfully executed command \"mkdir -p /pvc/from-build-pack/workspace\""}
Step: build-step-source-copy-jstrachan-helloworld-knative-ma-9rnwv:

{"level":"warn","ts":1554197906.5000732,"logger":"fallback-logger","caller":"logging/config.go:65","msg":"Fetch GitHub commit ID from kodata failed: open /var/run/ko/HEAD: no such file or directory"}
{"level":"info","ts":1554197906.5681407,"logger":"fallback-logger","caller":"bash/main.go:65","msg":"Successfully executed command \"cp -r /workspace/source/. /pvc/from-build-pack/workspace\""}
